<?xml version="1.0" encoding="UTF-8"?>
<!-- Generated by org.testng.reporters.JUnitReportReporter -->
<testsuite skipped="0" hostname="LAPTOP-J31A8EHA" name="qaclickacademy.SeleniumTest" tests="2" failures="0" timestamp="2022-02-27T14:21:45 IST" time="0.000" errors="0">
  <testcase name="SeleniumTest1" time="0.000" classname="qaclickacademy.SeleniumTest"/>
  <system-out/>
  <testcase name="SeleniumTest2" time="0.000" classname="qaclickacademy.SeleniumTest"/>
  <system-out/>
</testsuite> <!-- qaclickacademy.SeleniumTest -->
