<?xml version="1.0" encoding="UTF-8"?>
<!-- Generated by org.testng.reporters.JUnitReportReporter -->
<testsuite skipped="0" hostname="LAPTOP-J31A8EHA" name="qaclickacademy.RestApiTest" tests="2" failures="0" timestamp="2022-02-27T14:21:45 IST" time="0.000" errors="0">
  <testcase name="RestApiTest1" time="0.000" classname="qaclickacademy.RestApiTest"/>
  <system-out/>
  <testcase name="RestApiTest2" time="0.000" classname="qaclickacademy.RestApiTest"/>
  <system-out/>
</testsuite> <!-- qaclickacademy.RestApiTest -->
