<?xml version="1.0" encoding="UTF-8"?>
<!-- Generated by org.testng.reporters.JUnitReportReporter -->
<testsuite skipped="0" hostname="LAPTOP-J31A8EHA" name="qaclickacademy.AppiumTest" tests="2" failures="0" timestamp="2022-02-27T15:40:59 IST" time="0.006" errors="0">
  <testcase name="Appium1" time="0.006" classname="qaclickacademy.AppiumTest"/>
  <system-out/>
  <testcase name="Appium2" time="0.000" classname="qaclickacademy.AppiumTest"/>
  <system-out/>
</testsuite> <!-- qaclickacademy.AppiumTest -->
